0 info it worked if it ends with ok
1 verbose cli [ '/home/danielluna/.nvm/versions/node/v6.9.1/bin/node',
1 verbose cli   '/home/danielluna/.nvm/versions/node/v6.9.1/bin/npm',
1 verbose cli   'run',
1 verbose cli   'build' ]
2 info using npm@3.10.8
3 info using node@v6.9.1
4 verbose run-script [ 'prebuild', 'build', 'postbuild' ]
5 info lifecycle apiign@1.0.0~prebuild: apiign@1.0.0
6 verbose lifecycle apiign@1.0.0~prebuild: unsafe-perm in lifecycle true
7 verbose lifecycle apiign@1.0.0~prebuild: PATH: /home/danielluna/.nvm/versions/node/v6.9.1/lib/node_modules/npm/bin/node-gyp-bin:/home/danielluna/desagit/mapea-lite/api-ign-js/node_modules/.bin:/home/danielluna/.nvm/versions/node/v6.9.1/bin:/home/danielluna/bin:/home/danielluna/.local/bin:/home/danielluna/bin:/home/danielluna/.local/bin:/usr/local/sbin:/usr/local/bin:/usr/sbin:/usr/bin:/sbin:/bin:/usr/games:/usr/local/games:/snap/bin:/usr/lib/jvm/java-8-oracle/bin:/usr/lib/jvm/java-8-oracle/db/bin:/usr/lib/jvm/java-8-oracle/jre/bin:/usr/lib/jvm/java-8-oracle/bin:/usr/lib/jvm/java-8-oracle/db/bin:/usr/lib/jvm/java-8-oracle/jre/bin
8 verbose lifecycle apiign@1.0.0~prebuild: CWD: /home/danielluna/desagit/mapea-lite/api-ign-js
9 silly lifecycle apiign@1.0.0~prebuild: Args: [ '-c',
9 silly lifecycle   'node tasks/clean-build.js --path=dist && node tasks/generate-index.js' ]
10 silly lifecycle apiign@1.0.0~prebuild: Returned: code: 1  signal: null
11 info lifecycle apiign@1.0.0~prebuild: Failed to exec prebuild script
12 verbose stack Error: apiign@1.0.0 prebuild: `node tasks/clean-build.js --path=dist && node tasks/generate-index.js`
12 verbose stack Exit status 1
12 verbose stack     at EventEmitter.<anonymous> (/home/danielluna/.nvm/versions/node/v6.9.1/lib/node_modules/npm/lib/utils/lifecycle.js:255:16)
12 verbose stack     at emitTwo (events.js:106:13)
12 verbose stack     at EventEmitter.emit (events.js:191:7)
12 verbose stack     at ChildProcess.<anonymous> (/home/danielluna/.nvm/versions/node/v6.9.1/lib/node_modules/npm/lib/utils/spawn.js:40:14)
12 verbose stack     at emitTwo (events.js:106:13)
12 verbose stack     at ChildProcess.emit (events.js:191:7)
12 verbose stack     at maybeClose (internal/child_process.js:877:16)
12 verbose stack     at Process.ChildProcess._handle.onexit (internal/child_process.js:226:5)
13 verbose pkgid apiign@1.0.0
14 verbose cwd /home/danielluna/desagit/mapea-lite/api-ign-js
15 error Linux 4.4.0-154-generic
16 error argv "/home/danielluna/.nvm/versions/node/v6.9.1/bin/node" "/home/danielluna/.nvm/versions/node/v6.9.1/bin/npm" "run" "build"
17 error node v6.9.1
18 error npm  v3.10.8
19 error code ELIFECYCLE
20 error apiign@1.0.0 prebuild: `node tasks/clean-build.js --path=dist && node tasks/generate-index.js`
20 error Exit status 1
21 error Failed at the apiign@1.0.0 prebuild script 'node tasks/clean-build.js --path=dist && node tasks/generate-index.js'.
21 error Make sure you have the latest version of node.js and npm installed.
21 error If you do, this is most likely a problem with the apiign package,
21 error not with npm itself.
21 error Tell the author that this fails on your system:
21 error     node tasks/clean-build.js --path=dist && node tasks/generate-index.js
21 error You can get information on how to open an issue for this project with:
21 error     npm bugs apiign
21 error Or if that isn't available, you can get their info via:
21 error     npm owner ls apiign
21 error There is likely additional logging output above.
22 verbose exit [ 1, true ]
